\BOOKMARK [0][]{titlepage.0}{\376\377\134\001\227\142}{}% 1
\BOOKMARK [0][]{entitlepage.0}{\376\377\000T\000i\000t\000l\000e\000\040\000p\000a\000g\000e}{}% 2
\BOOKMARK [0][]{statement.0}{\376\377\123\237\122\033\140\047\130\360\146\016}{}% 3
\BOOKMARK [0][]{hnuchapter.1.0}{\376\377\144\130\000\040\211\201}{}% 4
\BOOKMARK [0][]{chapter*.1}{\376\377\144\130\000\040\211\201}{}% 5
\BOOKMARK [0][]{hnuchapter.2.0}{\376\377\000A\000b\000s\000t\000r\000a\000c\000t}{}% 6
\BOOKMARK [0][]{chapter*.2}{\376\377\000A\000b\000s\000t\000r\000a\000c\000t}{}% 7
\BOOKMARK [0][]{hnuchapter.3.0}{\376\377\166\356\000\040\137\125}{}% 8
\BOOKMARK [0][]{hnuchapter.4.0}{\376\377\143\322\126\376\175\042\137\025}{}% 9
\BOOKMARK [0][]{chapter*.5}{\376\377\143\322\126\376\175\042\137\025}{}% 10
\BOOKMARK [0][]{hnuchapter.5.0}{\376\377\226\104\210\150\175\042\137\025}{}% 11
\BOOKMARK [0][]{chapter*.7}{\376\377\226\104\210\150\175\042\137\025}{}% 12
\BOOKMARK [0][]{chapter.1}{\376\377\173\054\0001\172\340\000\040\000\040\176\352\000\040\213\272}{}% 13
\BOOKMARK [0][]{chapter.2}{\376\377\173\054\0002\172\340\000\040\000\040\173\054\116\214\172\340}{}% 14
\BOOKMARK [1][-]{section.2.1}{\376\377\0002\000.\0001\000\040\173\054\116\000\202\202}{chapter.2}% 15
\BOOKMARK [2][-]{subsection.2.1.1}{\376\377\0002\000.\0001\000.\0001\000\040\173\054\116\000\134\017\202\202}{section.2.1}% 16
\BOOKMARK [2][-]{subsection.2.1.2}{\376\377\0002\000.\0001\000.\0002\000\040\173\054\116\214\134\017\202\202}{section.2.1}% 17
\BOOKMARK [2][-]{subsection.2.1.3}{\376\377\0002\000.\0001\000.\0003\000\040\173\054\116\011\134\017\202\202}{section.2.1}% 18
\BOOKMARK [0][]{hnuchapter.6.0}{\376\377\140\073\176\323\116\016\134\125\147\033}{}% 19
\BOOKMARK [0][]{chapter*.10}{\376\377\140\073\176\323\116\016\134\125\147\033}{}% 20
\BOOKMARK [0][]{appendix.A}{\376\377\226\104\137\125\000\040\000A\000\040\000\040\213\373\133\146\117\115\147\037\225\364\142\100\123\321\210\150\166\204\133\146\147\057\213\272\145\207}{}% 21
\BOOKMARK [0][]{appendix.B}{\376\377\226\104\137\125\000\040\000B\000\040\000\040\213\373\133\146\117\115\147\037\225\364\142\100\123\302\122\240\166\204\171\321\170\024\230\171\166\356}{}% 22
\BOOKMARK [0][]{appendix*.11}{\376\377\201\364\000\040\214\042}{}% 23
